<?xml version="1.0" encoding="UTF-8"?>
<testng-results ignored="0" total="1" passed="1" failed="0" skipped="0">
  <reporter-output>
  </reporter-output>
  <suite started-at="2026-03-14T15:15:09 IST" name="Default suite" finished-at="2026-03-14T15:15:43 IST" duration-ms="34037">
    <groups>
    </groups>
    <test started-at="2026-03-14T15:15:09 IST" name="Default test" finished-at="2026-03-14T15:15:43 IST" duration-ms="34037">
      <class name="SwagLabs.LoginPageFactoryTest">
        <test-method signature="login()[pri:0, instance:SwagLabs.LoginPageFactoryTest@7cc0cdad]" started-at="2026-03-14T15:15:09 IST" name="login" finished-at="2026-03-14T15:15:43 IST" duration-ms="33961" status="PASS">
          <reporter-output>
          </reporter-output>
        </test-method> <!-- login -->
      </class> <!-- SwagLabs.LoginPageFactoryTest -->
    </test> <!-- Default test -->
  </suite> <!-- Default suite -->
</testng-results>
