<?xml version="1.0" encoding="UTF-8"?>
<!-- Generated by org.testng.reporters.JUnitReportReporter -->
<testsuite hostname="DESKTOP-TRDKMEP" failures="0" tests="3" name="genericUtility.CrossBrowserBaseClass" time="0.048" errors="0" timestamp="2026-03-13T11:16:41 IST" skipped="0">
  <testcase classname="genericUtility.CrossBrowserBaseClass" name="beforeMethod" time="0.007">
    <system-out>
      <![CDATA[----Executing addToCartTest class methods-------]]>
    </system-out>
  </testcase> <!-- beforeMethod -->
  <testcase classname="genericUtility.CrossBrowserBaseClass" name="beforeMethod" time="0.026">
    <system-out>
      <![CDATA[----Executing addToCartTest class methods-------]]>
    </system-out>
  </testcase> <!-- beforeMethod -->
  <testcase classname="genericUtility.CrossBrowserBaseClass" name="beforeMethod" time="0.015">
    <system-out>
      <![CDATA[----Executing addToCartTest class methods-------]]>
    </system-out>
  </testcase> <!-- beforeMethod -->
  <system-out>
    <![CDATA[----Executing suite and connecting to dastabase-------
----Executing system Test case-------
----Executing system Test case-------
----Executing system Test case-------
----Executing addToCartTest class-------
----Executing addToCartTest class-------
----Executing addToCartTest class-------
----Executing addToCartTest class methods-------
----Executing addToCartTest class methods-------
----Executing addToCartTest class methods completed-------
----Executing Test-------
Logouted out successfully
----Executing Test-------
----Executing addToCartTest class methods-------
----Executing addToCartTest class methods-------
----Executing addToCartTest class methods completed-------
----Executing Test-------
Logouted out successfully
----Executing Test-------
----Executing addToCartTest class methods-------
----Executing addToCartTest class methods-------
----Executing addToCartTest class methods completed-------
----Executing Test-------
Logouted out successfully
----Executing Test-------
----Executing Test-------]]>
  </system-out>
</testsuite> <!-- genericUtility.CrossBrowserBaseClass -->
