<?xml version="1.0" encoding="UTF-8"?>
<!-- Generated by org.testng.reporters.JUnitReportReporter -->
<testsuite hostname="DESKTOP-TRDKMEP" failures="0" tests="8" name="Practice.TC_SL_001" time="5.758" errors="0" timestamp="2026-03-13T14:00:52 IST" skipped="0">
  <testcase classname="Practice.TC_SL_001" name="LaunchingBrowser" time="2.300"/>
  <testcase classname="Practice.TC_SL_001" name="Login" time="1.548"/>
  <testcase classname="Practice.TC_SL_001" name="ValProductpg" time="0.056"/>
  <testcase classname="Practice.TC_SL_001" name="addTocart" time="0.218"/>
  <testcase classname="Practice.TC_SL_001" name="verifyCart" time="0.188"/>
  <testcase classname="Practice.TC_SL_001" name="checkout" time="0.555"/>
  <testcase classname="Practice.TC_SL_001" name="valPrice" time="0.150"/>
  <testcase classname="Practice.TC_SL_001" name="Logout" time="0.743"/>
</testsuite> <!-- Practice.TC_SL_001 -->
