<?xml version="1.0" encoding="UTF-8"?>
<!-- Generated by org.testng.reporters.JUnitReportReporter -->
<testsuite hostname="DESKTOP-TRDKMEP" failures="0" tests="9" name="Practice.TC_SL_002" time="9.625" errors="0" timestamp="2026-03-13T14:04:46 IST" skipped="0">
  <testcase classname="Practice.TC_SL_002" name="LaunchingBrowser" time="2.460"/>
  <testcase classname="Practice.TC_SL_002" name="Login" time="1.328"/>
  <testcase classname="Practice.TC_SL_002" name="sort" time="4.360"/>
  <testcase classname="Practice.TC_SL_002" name="lowprod" time="0.159"/>
  <testcase classname="Practice.TC_SL_002" name="verifyCart" time="0.240"/>
  <testcase classname="Practice.TC_SL_002" name="checkout" time="0.594"/>
  <testcase classname="Practice.TC_SL_002" name="verifyOrderSum" time="0.034"/>
  <testcase classname="Practice.TC_SL_002" name="completeOrder" time="0.133"/>
  <testcase classname="Practice.TC_SL_002" name="Logout" time="0.317"/>
</testsuite> <!-- Practice.TC_SL_002 -->
