<?xml version="1.0" encoding="UTF-8"?>
<!-- Generated by org.testng.reporters.JUnitReportReporter -->
<testsuite hostname="DESKTOP-TRDKMEP" failures="0" tests="2" name="Practice.AddtoCartTest" time="0.672" errors="0" timestamp="2026-03-11T14:33:46 IST" skipped="0">
  <testcase classname="Practice.AddtoCartTest" name="login" time="0.204">
    <system-out>
      <![CDATA[Login successful]]>
    </system-out>
  </testcase> <!-- login -->
  <testcase classname="Practice.AddtoCartTest" name="addToCart" time="0.468">
    <system-out>
      <![CDATA[The products has been added to cart successfully | Status: Pass]]>
    </system-out>
  </testcase> <!-- addToCart -->
  <system-out>
    <![CDATA[--Executing Suite--
--Executing Test--
--Executing Class--
--Executing Method--
Login successful
--Executing Method--
--Executing Method--
The products has been added to cart successfully | Status: Pass
--Executing Method--
--Executing Class--
--Executing Test--
--Executing Suite--]]>
  </system-out>
</testsuite> <!-- Practice.AddtoCartTest -->
